<?xml version="1.0" encoding="UTF-8"?>
<testng-results ignored="0" total="1" passed="1" failed="0" skipped="0">
  <reporter-output>
  </reporter-output>
  <suite started-at="2024-05-27T02:20:49 EDT" name="Suite" finished-at="2024-05-27T02:22:11 EDT" duration-ms="81859">
    <groups>
    </groups>
    <test started-at="2024-05-27T02:20:49 EDT" name="Test" finished-at="2024-05-27T02:22:11 EDT" duration-ms="81859">
      <class name="Midland.DailyJob.Midland_Script">
        <test-method signature="qwerty()[pri:0, instance:Midland.DailyJob.Midland_Script@3d74bf60]" started-at="2024-05-27T02:20:49 EDT" name="qwerty" finished-at="2024-05-27T02:22:11 EDT" duration-ms="81836" status="PASS">
          <reporter-output>
          </reporter-output>
        </test-method> <!-- qwerty -->
      </class> <!-- Midland.DailyJob.Midland_Script -->
    </test> <!-- Test -->
  </suite> <!-- Suite -->
</testng-results>
